[0m14:32:17.457583 [debug] [MainThread]: Sending event: {'category': 'dbt', 'action': 'invocation', 'label': 'start', 'context': [<snowplow_tracker.self_describing_json.SelfDescribingJson object at 0x000002A9C41505E0>, <snowplow_tracker.self_describing_json.SelfDescribingJson object at 0x000002A9C64082E0>, <snowplow_tracker.self_describing_json.SelfDescribingJson object at 0x000002A9C64080A0>]}


============================== 14:32:17.557938 | 38e30b86-a51d-4eac-ad17-6fbe1757a23a ==============================
[0m14:32:17.557938 [info ] [MainThread]: Running with dbt=1.10.20
[0m14:32:17.558617 [debug] [MainThread]: running dbt with arguments {'debug': 'False', 'fail_fast': 'False', 'log_cache_events': 'False', 'send_anonymous_usage_stats': 'True', 'cache_selected_only': 'False', 'warn_error_options': 'WarnErrorOptionsV2(error=[], warn=[], silence=[])', 'log_format': 'default', 'no_print': 'None', 'version_check': 'True', 'empty': 'None', 'printer_width': '80', 'quiet': 'False', 'introspect': 'True', 'log_path': 'logs', 'warn_error': 'None', 'write_json': 'True', 'invocation_command': 'dbt init', 'partial_parse': 'True', 'target_path': 'None', 'static_parser': 'True', 'profiles_dir': 'C:\\Users\\oussama.mahmoudi\\.dbt', 'use_experimental_parser': 'False', 'use_colors': 'True', 'indirect_selection': 'eager'}
[0m14:32:29.959158 [debug] [MainThread]: Starter project path: C:\Users\oussama.mahmoudi\OneDrive - Medius\Bureau\dbt_training\.venv\lib\site-packages\dbt\include\starter_project
[0m14:32:30.082407 [info ] [MainThread]: 
Your new dbt project "dbt_log" was created!

For more information on how to configure the profiles.yml file,
please consult the dbt documentation here:

  https://docs.getdbt.com/docs/configure-your-profile

One more thing:

Need help? Don't hesitate to reach out to us via GitHub issues or on Slack:

  https://community.getdbt.com/

Happy modeling!

[0m14:32:30.082407 [info ] [MainThread]: Setting up your profile.
[0m14:32:45.869592 [debug] [MainThread]: Spark adapter: Setting pyhive.hive logging to ERROR
[0m14:32:45.869592 [debug] [MainThread]: Spark adapter: Setting thrift.transport logging to ERROR
[0m14:32:45.884309 [debug] [MainThread]: Spark adapter: Setting thrift.protocol logging to ERROR
[0m14:35:08.046160 [info ] [MainThread]: Profile dbt_log written to C:\Users\oussama.mahmoudi\.dbt\profiles.yml using target's profile_template.yml and your supplied values. Run 'dbt debug' to validate the connection.
[0m14:35:08.046160 [debug] [MainThread]: Command `dbt init` succeeded at 14:35:08.046160 after 170.68 seconds
[0m14:35:08.046160 [debug] [MainThread]: Sending event: {'category': 'dbt', 'action': 'invocation', 'label': 'end', 'context': [<snowplow_tracker.self_describing_json.SelfDescribingJson object at 0x000002A9C41505E0>, <snowplow_tracker.self_describing_json.SelfDescribingJson object at 0x000002A9C5B72F10>, <snowplow_tracker.self_describing_json.SelfDescribingJson object at 0x000002A9C96B0F40>]}
[0m14:35:08.046160 [debug] [MainThread]: Flushing usage events
[0m14:35:08.846050 [debug] [MainThread]: An error was encountered while trying to flush usage events
[0m14:35:46.579055 [debug] [MainThread]: Sending event: {'category': 'dbt', 'action': 'invocation', 'label': 'start', 'context': [<snowplow_tracker.self_describing_json.SelfDescribingJson object at 0x000001B3A5480580>, <snowplow_tracker.self_describing_json.SelfDescribingJson object at 0x000001B3A773A280>, <snowplow_tracker.self_describing_json.SelfDescribingJson object at 0x000001B3A773A160>]}


============================== 14:35:46.588701 | aa0bd65d-bfda-442b-94d8-e5372c777f52 ==============================
[0m14:35:46.588701 [info ] [MainThread]: Running with dbt=1.10.20
[0m14:35:46.591249 [debug] [MainThread]: running dbt with arguments {'fail_fast': 'False', 'debug': 'False', 'log_cache_events': 'False', 'send_anonymous_usage_stats': 'True', 'warn_error_options': 'WarnErrorOptionsV2(error=[], warn=[], silence=[])', 'cache_selected_only': 'False', 'log_format': 'default', 'no_print': 'None', 'version_check': 'True', 'empty': 'None', 'printer_width': '80', 'partial_parse': 'True', 'log_path': 'logs', 'introspect': 'True', 'warn_error': 'None', 'write_json': 'True', 'target_path': 'None', 'quiet': 'False', 'invocation_command': 'dbt debug', 'static_parser': 'True', 'profiles_dir': 'C:\\Users\\oussama.mahmoudi\\.dbt', 'use_experimental_parser': 'False', 'use_colors': 'True', 'indirect_selection': 'eager'}
[0m14:35:46.679013 [info ] [MainThread]: dbt version: 1.10.20
[0m14:35:46.680612 [info ] [MainThread]: python version: 3.9.13
[0m14:35:46.681604 [info ] [MainThread]: python path: C:\Users\oussama.mahmoudi\OneDrive - Medius\Bureau\dbt_training\.venv\Scripts\python.exe
[0m14:35:46.682747 [info ] [MainThread]: os info: Windows-10-10.0.26100-SP0
[0m14:35:56.829348 [debug] [MainThread]: Spark adapter: Setting pyhive.hive logging to ERROR
[0m14:35:56.829348 [debug] [MainThread]: Spark adapter: Setting thrift.transport logging to ERROR
[0m14:35:56.834187 [debug] [MainThread]: Spark adapter: Setting thrift.protocol logging to ERROR
[0m14:36:00.328973 [info ] [MainThread]: Using profiles dir at C:\Users\oussama.mahmoudi\.dbt
[0m14:36:00.328973 [info ] [MainThread]: Using profiles.yml file at C:\Users\oussama.mahmoudi\.dbt\profiles.yml
[0m14:36:00.328973 [info ] [MainThread]: Using dbt_project.yml file at C:\Users\oussama.mahmoudi\OneDrive - Medius\Bureau\dbt_training\dbt_project.yml
[0m14:36:00.328973 [info ] [MainThread]: adapter type: databricks
[0m14:36:00.328973 [info ] [MainThread]: adapter version: 1.10.9
[0m14:36:00.328973 [info ] [MainThread]: Configuration:
[0m14:36:00.328973 [info ] [MainThread]:   profiles.yml file [[32mOK found and valid[0m]
[0m14:36:00.333997 [info ] [MainThread]:   dbt_project.yml file [[31mERROR not found[0m]
[0m14:36:00.333997 [info ] [MainThread]: Required dependencies:
[0m14:36:00.335979 [debug] [MainThread]: Executing "git --help"
[0m14:36:00.420548 [debug] [MainThread]: STDOUT: "b"usage: git [-v | --version] [-h | --help] [-C <path>] [-c <name>=<value>]\n           [--exec-path[=<path>]] [--html-path] [--man-path] [--info-path]\n           [-p | --paginate | -P | --no-pager] [--no-replace-objects] [--no-lazy-fetch]\n           [--no-optional-locks] [--no-advice] [--bare] [--git-dir=<path>]\n           [--work-tree=<path>] [--namespace=<name>] [--config-env=<name>=<envvar>]\n           <command> [<args>]\n\nThese are common Git commands used in various situations:\n\nstart a working area (see also: git help tutorial)\n   clone      Clone a repository into a new directory\n   init       Create an empty Git repository or reinitialize an existing one\n\nwork on the current change (see also: git help everyday)\n   add        Add file contents to the index\n   mv         Move or rename a file, a directory, or a symlink\n   restore    Restore working tree files\n   rm         Remove files from the working tree and from the index\n\nexamine the history and state (see also: git help revisions)\n   bisect     Use binary search to find the commit that introduced a bug\n   diff       Show changes between commits, commit and working tree, etc\n   grep       Print lines matching a pattern\n   log        Show commit logs\n   show       Show various types of objects\n   status     Show the working tree status\n\ngrow, mark and tweak your common history\n   backfill   Download missing objects in a partial clone\n   branch     List, create, or delete branches\n   commit     Record changes to the repository\n   merge      Join two or more development histories together\n   rebase     Reapply commits on top of another base tip\n   reset      Set `HEAD` or the index to a known state\n   switch     Switch branches\n   tag        Create, list, delete or verify tags\n\ncollaborate (see also: git help workflows)\n   fetch      Download objects and refs from another repository\n   pull       Fetch from and integrate with another repository or a local branch\n   push       Update remote refs along with associated objects\n\n'git help -a' and 'git help -g' list available subcommands and some\nconcept guides. See 'git help <command>' or 'git help <concept>'\nto read about a specific subcommand or concept.\nSee 'git help git' for an overview of the system.\n""
[0m14:36:00.420548 [debug] [MainThread]: STDERR: "b''"
[0m14:36:00.421553 [info ] [MainThread]:  - git [[32mOK found[0m]

[0m14:36:00.422552 [info ] [MainThread]: Connection:
[0m14:36:00.422552 [info ] [MainThread]:   host: dbc-bada97ad-0934.cloud.databricks.com
[0m14:36:00.423554 [info ] [MainThread]:   http_path: /sql/1.0/warehouses/c21e448fe7436f66
[0m14:36:00.424553 [info ] [MainThread]:   catalog: dbt_log
[0m14:36:00.424553 [info ] [MainThread]:   schema: source
[0m14:36:00.425554 [info ] [MainThread]: Registered adapter: databricks=1.10.9
[0m14:36:01.138753 [debug] [MainThread]: Databricks adapter: DatabricksDBTConnection(session-id=None, name=debug) - Creating connection
[0m14:36:01.138753 [debug] [MainThread]: Acquiring new databricks connection 'debug'
[0m14:36:01.138753 [debug] [MainThread]: Using databricks connection "debug"
[0m14:36:01.138753 [debug] [MainThread]: On debug: select 1 as id
[0m14:36:01.138753 [debug] [MainThread]: Opening a new connection, currently in state init
[0m14:36:01.990992 [debug] [MainThread]: Databricks adapter: Connection(session-id=01f11bbc-ea01-1e9a-a187-d0b15364ec5f) - Created
[0m14:36:02.468009 [debug] [MainThread]: SQL status: OK in 1.330 seconds
[0m14:36:02.470895 [debug] [MainThread]: Databricks adapter: Cursor(session-id=01f11bbc-ea01-1e9a-a187-d0b15364ec5f, command-id=01f11bbc-ea20-1133-b707-17e71d220f52) - Closing
[0m14:36:02.472279 [debug] [MainThread]: On debug: Close
[0m14:36:02.472279 [debug] [MainThread]: Databricks adapter: Connection(session-id=01f11bbc-ea01-1e9a-a187-d0b15364ec5f) - Closing
[0m14:36:02.709151 [info ] [MainThread]:   Connection test: [[32mOK connection ok[0m]

[0m14:36:02.711896 [info ] [MainThread]: [31m1 check failed:[0m
[0m14:36:02.713887 [info ] [MainThread]: Project loading failed for the following reason:
 project path <C:\Users\oussama.mahmoudi\OneDrive - Medius\Bureau\dbt_training\dbt_project.yml> not found

[0m14:36:02.716794 [debug] [MainThread]: Command `dbt debug` failed at 14:36:02.715871 after 16.33 seconds
[0m14:36:02.719074 [debug] [MainThread]: Sending event: {'category': 'dbt', 'action': 'invocation', 'label': 'end', 'context': [<snowplow_tracker.self_describing_json.SelfDescribingJson object at 0x000001B3A5480580>, <snowplow_tracker.self_describing_json.SelfDescribingJson object at 0x000001B3A76FEE50>, <snowplow_tracker.self_describing_json.SelfDescribingJson object at 0x000001B3A9D937C0>]}
[0m14:36:02.720080 [debug] [MainThread]: Flushing usage events
[0m14:36:03.373225 [debug] [MainThread]: An error was encountered while trying to flush usage events
[0m14:59:35.287353 [debug] [MainThread]: Sending event: {'category': 'dbt', 'action': 'invocation', 'label': 'start', 'context': [<snowplow_tracker.self_describing_json.SelfDescribingJson object at 0x00000159B8BCF620>, <snowplow_tracker.self_describing_json.SelfDescribingJson object at 0x00000159B6C19590>, <snowplow_tracker.self_describing_json.SelfDescribingJson object at 0x00000159BB00FB10>]}


============================== 14:59:35.294509 | 7088f195-9f3d-456b-b046-7fef2ab65841 ==============================
[0m14:59:35.294509 [info ] [MainThread]: Running with dbt=1.11.6
[0m14:59:35.295338 [debug] [MainThread]: running dbt with arguments {'static_parser': 'True', 'no_print': 'None', 'version_check': 'True', 'target_path': 'None', 'warn_error_options': 'WarnErrorOptionsV2(error=[], warn=[], silence=[])', 'printer_width': '80', 'write_json': 'True', 'empty': 'None', 'log_cache_events': 'False', 'introspect': 'True', 'cache_selected_only': 'False', 'log_format': 'default', 'debug': 'False', 'fail_fast': 'False', 'profiles_dir': 'C:\\Users\\oussama.mahmoudi\\.dbt', 'send_anonymous_usage_stats': 'True', 'quiet': 'False', 'warn_error': 'None', 'partial_parse': 'True', 'invocation_command': 'dbt debug', 'indirect_selection': 'eager', 'use_colors': 'True', 'use_experimental_parser': 'False', 'log_path': 'logs'}
[0m14:59:35.342313 [info ] [MainThread]: dbt version: 1.11.6
[0m14:59:35.343114 [info ] [MainThread]: python version: 3.13.0
[0m14:59:35.343587 [info ] [MainThread]: python path: C:\Users\oussama.mahmoudi\AppData\Local\Programs\Python\Python313\python.exe
[0m14:59:35.344031 [info ] [MainThread]: os info: Windows-11-10.0.26100-SP0
[0m14:59:41.403516 [debug] [MainThread]: Spark adapter: Setting pyhive.hive logging to ERROR
[0m14:59:41.404031 [debug] [MainThread]: Spark adapter: Setting thrift.transport logging to ERROR
[0m14:59:41.404558 [debug] [MainThread]: Spark adapter: Setting thrift.protocol logging to ERROR
[0m14:59:44.060958 [info ] [MainThread]: Using profiles dir at C:\Users\oussama.mahmoudi\.dbt
[0m14:59:44.061828 [info ] [MainThread]: Using profiles.yml file at C:\Users\oussama.mahmoudi\.dbt\profiles.yml
[0m14:59:44.062439 [info ] [MainThread]: Using dbt_project.yml file at C:\Users\oussama.mahmoudi\OneDrive - Medius\Bureau\dbt_training\dbt_project.yml
[0m14:59:44.062915 [info ] [MainThread]: adapter type: databricks
[0m14:59:44.063343 [info ] [MainThread]: adapter version: 1.11.5
[0m14:59:44.063980 [info ] [MainThread]: Configuration:
[0m14:59:44.064546 [info ] [MainThread]:   profiles.yml file [[32mOK found and valid[0m]
[0m14:59:44.065036 [info ] [MainThread]:   dbt_project.yml file [[31mERROR not found[0m]
[0m14:59:44.065507 [info ] [MainThread]: Required dependencies:
[0m14:59:44.066276 [debug] [MainThread]: Executing "git --help"
[0m14:59:44.170141 [debug] [MainThread]: STDOUT: "b"usage: git [-v | --version] [-h | --help] [-C <path>] [-c <name>=<value>]\n           [--exec-path[=<path>]] [--html-path] [--man-path] [--info-path]\n           [-p | --paginate | -P | --no-pager] [--no-replace-objects] [--no-lazy-fetch]\n           [--no-optional-locks] [--no-advice] [--bare] [--git-dir=<path>]\n           [--work-tree=<path>] [--namespace=<name>] [--config-env=<name>=<envvar>]\n           <command> [<args>]\n\nThese are common Git commands used in various situations:\n\nstart a working area (see also: git help tutorial)\n   clone      Clone a repository into a new directory\n   init       Create an empty Git repository or reinitialize an existing one\n\nwork on the current change (see also: git help everyday)\n   add        Add file contents to the index\n   mv         Move or rename a file, a directory, or a symlink\n   restore    Restore working tree files\n   rm         Remove files from the working tree and from the index\n\nexamine the history and state (see also: git help revisions)\n   bisect     Use binary search to find the commit that introduced a bug\n   diff       Show changes between commits, commit and working tree, etc\n   grep       Print lines matching a pattern\n   log        Show commit logs\n   show       Show various types of objects\n   status     Show the working tree status\n\ngrow, mark and tweak your common history\n   backfill   Download missing objects in a partial clone\n   branch     List, create, or delete branches\n   commit     Record changes to the repository\n   merge      Join two or more development histories together\n   rebase     Reapply commits on top of another base tip\n   reset      Set `HEAD` or the index to a known state\n   switch     Switch branches\n   tag        Create, list, delete or verify tags\n\ncollaborate (see also: git help workflows)\n   fetch      Download objects and refs from another repository\n   pull       Fetch from and integrate with another repository or a local branch\n   push       Update remote refs along with associated objects\n\n'git help -a' and 'git help -g' list available subcommands and some\nconcept guides. See 'git help <command>' or 'git help <concept>'\nto read about a specific subcommand or concept.\nSee 'git help git' for an overview of the system.\n""
[0m14:59:44.170760 [debug] [MainThread]: STDERR: "b''"
[0m14:59:44.171266 [info ] [MainThread]:  - git [[32mOK found[0m]

[0m14:59:44.171965 [info ] [MainThread]: Connection:
[0m14:59:44.172910 [info ] [MainThread]:   host: dbc-bada97ad-0934.cloud.databricks.com
[0m14:59:44.173366 [info ] [MainThread]:   http_path: /sql/1.0/warehouses/c21e448fe7436f66
[0m14:59:44.173933 [info ] [MainThread]:   catalog: dbt_log
[0m14:59:44.174499 [info ] [MainThread]:   schema: default
[0m14:59:44.175402 [info ] [MainThread]: Registered adapter: databricks=1.11.5
[0m14:59:44.875869 [warn ] [MainThread]: [[33mWARNING[0m]: Use managed Iceberg tables when table_format is iceberg. When this flag is disabled, UniForm is used instead.
You may opt into the new behavior sooner by setting `flags.use_managed_iceberg` to `True` in `dbt_project.yml`.
Visit https://docs.getdbt.com/reference/global-configs/behavior-changes for more information.
[0m14:59:44.876746 [debug] [MainThread]: Sending event: {'category': 'dbt', 'action': 'BehaviorChangeEvent', 'label': '7088f195-9f3d-456b-b046-7fef2ab65841', 'context': [<snowplow_tracker.self_describing_json.SelfDescribingJson object at 0x00000159BF4035C0>]}
[0m14:59:44.877631 [debug] [MainThread]: Databricks adapter: DatabricksDBTConnection(session-id=None, name=debug) - Creating connection
[0m14:59:44.877872 [debug] [MainThread]: Acquiring new databricks connection 'debug'
[0m14:59:44.878070 [debug] [MainThread]: Using databricks connection "debug"
[0m14:59:44.878262 [debug] [MainThread]: On debug: select 1 as id
[0m14:59:44.878442 [debug] [MainThread]: Opening a new connection, currently in state init
[0m14:59:45.884080 [debug] [MainThread]: Databricks adapter: Connection(session-id=01f11bc0-3ab2-188f-b299-7b650595eff8) - Created
[0m14:59:46.682802 [debug] [MainThread]: SQL status: OK in 1.800 seconds
[0m14:59:46.683987 [debug] [MainThread]: Databricks adapter: Cursor(session-id=01f11bc0-3ab2-188f-b299-7b650595eff8, command-id=01f11bc0-3ad6-1ab5-b91f-724a3afbd210) - Closing
[0m14:59:46.684713 [debug] [MainThread]: On debug: Close
[0m14:59:46.684970 [debug] [MainThread]: Databricks adapter: Connection(session-id=01f11bc0-3ab2-188f-b299-7b650595eff8) - Closing
[0m14:59:47.110342 [info ] [MainThread]:   Connection test: [[32mOK connection ok[0m]

[0m14:59:47.111716 [info ] [MainThread]: [31m1 check failed:[0m
[0m14:59:47.112176 [info ] [MainThread]: Project loading failed for the following reason:
 project path <C:\Users\oussama.mahmoudi\OneDrive - Medius\Bureau\dbt_training\dbt_project.yml> not found

[0m14:59:47.112886 [debug] [MainThread]: Command `dbt debug` failed at 14:59:47.112788 after 12.04 seconds
[0m14:59:47.113168 [debug] [MainThread]: Sending event: {'category': 'dbt', 'action': 'invocation', 'label': 'end', 'context': [<snowplow_tracker.self_describing_json.SelfDescribingJson object at 0x00000159B98D0D10>, <snowplow_tracker.self_describing_json.SelfDescribingJson object at 0x00000159BC7869C0>, <snowplow_tracker.self_describing_json.SelfDescribingJson object at 0x00000159BF3D7150>]}
[0m14:59:47.113423 [debug] [MainThread]: Flushing usage events
[0m14:59:47.828217 [debug] [MainThread]: An error was encountered while trying to flush usage events
[0m15:08:02.985320 [debug] [MainThread]: Sending event: {'category': 'dbt', 'action': 'invocation', 'label': 'start', 'context': [<snowplow_tracker.self_describing_json.SelfDescribingJson object at 0x00000192257DF620>, <snowplow_tracker.self_describing_json.SelfDescribingJson object at 0x00000192237D9590>, <snowplow_tracker.self_describing_json.SelfDescribingJson object at 0x0000019227C1FB10>]}


============================== 15:08:02.991185 | ba235a7b-bc68-4d41-be12-f36e69a2e020 ==============================
[0m15:08:02.991185 [info ] [MainThread]: Running with dbt=1.11.6
[0m15:08:02.991812 [debug] [MainThread]: running dbt with arguments {'version_check': 'True', 'no_print': 'None', 'static_parser': 'True', 'warn_error_options': 'WarnErrorOptionsV2(error=[], warn=[], silence=[])', 'target_path': 'None', 'printer_width': '80', 'write_json': 'True', 'empty': 'None', 'log_cache_events': 'False', 'introspect': 'True', 'cache_selected_only': 'False', 'fail_fast': 'False', 'debug': 'False', 'log_format': 'default', 'partial_parse': 'True', 'send_anonymous_usage_stats': 'True', 'quiet': 'False', 'warn_error': 'None', 'profiles_dir': 'C:\\Users\\oussama.mahmoudi\\.dbt', 'indirect_selection': 'eager', 'use_colors': 'True', 'invocation_command': 'dbt init', 'use_experimental_parser': 'False', 'log_path': 'logs'}
[0m15:08:13.417526 [debug] [MainThread]: Starter project path: C:\Users\oussama.mahmoudi\AppData\Local\Programs\Python\Python313\Lib\site-packages\dbt\include\starter_project
[0m15:08:13.480903 [info ] [MainThread]: 
Your new dbt project "dbt_log" was created!

For more information on how to configure the profiles.yml file,
please consult the dbt documentation here:

  https://docs.getdbt.com/docs/configure-your-profile

One more thing:

Need help? Don't hesitate to reach out to us via GitHub issues or on Slack:

  https://community.getdbt.com/

Happy modeling!

[0m15:08:13.482176 [info ] [MainThread]: Setting up your profile.
[0m15:08:34.573387 [debug] [MainThread]: Spark adapter: Setting pyhive.hive logging to ERROR
[0m15:08:34.573766 [debug] [MainThread]: Spark adapter: Setting thrift.transport logging to ERROR
[0m15:08:34.573984 [debug] [MainThread]: Spark adapter: Setting thrift.protocol logging to ERROR
[0m15:09:46.456958 [info ] [MainThread]: Profile dbt_log written to C:\Users\oussama.mahmoudi\.dbt\profiles.yml using target's profile_template.yml and your supplied values. Run 'dbt debug' to validate the connection.
[0m15:09:46.458188 [debug] [MainThread]: Command `dbt init` succeeded at 15:09:46.458086 after 103.69 seconds
[0m15:09:46.458448 [debug] [MainThread]: Sending event: {'category': 'dbt', 'action': 'invocation', 'label': 'end', 'context': [<snowplow_tracker.self_describing_json.SelfDescribingJson object at 0x0000019227C7DBA0>, <snowplow_tracker.self_describing_json.SelfDescribingJson object at 0x0000019227CD6570>, <snowplow_tracker.self_describing_json.SelfDescribingJson object at 0x00000192297607C0>]}
[0m15:09:46.458706 [debug] [MainThread]: Flushing usage events
[0m15:09:47.265951 [debug] [MainThread]: An error was encountered while trying to flush usage events
[0m12:30:15.087319 [debug] [MainThread]: Sending event: {'category': 'dbt', 'action': 'invocation', 'label': 'start', 'context': [<snowplow_tracker.self_describing_json.SelfDescribingJson object at 0x000002A70B1C0580>, <snowplow_tracker.self_describing_json.SelfDescribingJson object at 0x000002A70D47BFA0>, <snowplow_tracker.self_describing_json.SelfDescribingJson object at 0x000002A70D47B190>]}


============================== 12:30:15.090843 | e19bb6fb-312d-4e4a-a29e-a85be8244773 ==============================
[0m12:30:15.090843 [info ] [MainThread]: Running with dbt=1.10.20
[0m12:30:15.096266 [debug] [MainThread]: running dbt with arguments {'fail_fast': 'False', 'debug': 'False', 'log_cache_events': 'False', 'send_anonymous_usage_stats': 'True', 'cache_selected_only': 'False', 'warn_error_options': 'WarnErrorOptionsV2(error=[], warn=[], silence=[])', 'invocation_command': 'dbt clean', 'no_print': 'None', 'version_check': 'True', 'empty': 'None', 'printer_width': '80', 'partial_parse': 'True', 'log_path': 'logs', 'log_format': 'default', 'warn_error': 'None', 'write_json': 'True', 'introspect': 'True', 'quiet': 'False', 'target_path': 'None', 'static_parser': 'True', 'profiles_dir': 'C:\\Users\\oussama.mahmoudi\\.dbt', 'use_experimental_parser': 'False', 'use_colors': 'True', 'indirect_selection': 'eager'}
[0m12:30:15.096266 [error] [MainThread]: Encountered an error:
Runtime Error
  No dbt_project.yml found at expected path C:\Users\oussama.mahmoudi\OneDrive - Medius\Bureau\dbt_training\dbt_project.yml
  Verify that each entry within packages.yml (and their transitive dependencies) contains a file named dbt_project.yml
  
[0m12:30:15.099078 [debug] [MainThread]: Command `dbt clean` failed at 12:30:15.099078 after 0.13 seconds
[0m12:30:15.100381 [debug] [MainThread]: Sending event: {'category': 'dbt', 'action': 'invocation', 'label': 'end', 'context': [<snowplow_tracker.self_describing_json.SelfDescribingJson object at 0x000002A70B1C0580>, <snowplow_tracker.self_describing_json.SelfDescribingJson object at 0x000002A70D47B970>, <snowplow_tracker.self_describing_json.SelfDescribingJson object at 0x000002A70D47B790>]}
[0m12:30:15.100718 [debug] [MainThread]: Flushing usage events
[0m12:30:16.084239 [debug] [MainThread]: An error was encountered while trying to flush usage events
